#
# An unexpected error has been detected by HotSpot Virtual Machine:
#
#  Internal Error (47454E45524154452F4F502D41500E4350500269), pid=760, tid=1040
#
# Java VM: Java HotSpot(TM) Client VM (1.5.0_07-b03 mixed mode)

---------------  T H R E A D  ---------------

Current thread (0x0082b8b0):  VMThread [id=1040]

Stack: [0x0abd0000,0x0ac10000),  sp=0x0ac0fb08,  free space=254k
Native frames: (J=compiled Java code, j=interpreted, Vv=VM code, C=native code)
V  [jvm.dll+0x11f2eb]
V  [jvm.dll+0x62f13]
V  [jvm.dll+0x71060]
V  [jvm.dll+0x70ff7]
V  [jvm.dll+0x70df2]
V  [jvm.dll+0x71705]
V  [jvm.dll+0x71596]
V  [jvm.dll+0xd707e]
V  [jvm.dll+0xd73ad]
V  [jvm.dll+0xd7690]
V  [jvm.dll+0x78e95]
V  [jvm.dll+0xbeafe]
V  [jvm.dll+0x1251d2]
V  [jvm.dll+0x124ca0]
V  [jvm.dll+0x124e49]
V  [jvm.dll+0x124b7e]
C  [MSVCRT.dll+0x2a3b0]
C  [kernel32.dll+0xb683]

VM_Operation (0x0accfb24): get/set locals, mode: safepoint, requested by thread 0x00834390


---------------  P R O C E S S  ---------------

Java Threads: ( => current thread )
  0x0bf05550 JavaThread "Thread-32" [_thread_blocked, id=3380]
  0x0befa940 JavaThread "prmtrace" daemon [_thread_blocked, id=3652]
  0x0bee9be0 JavaThread "OracleTimeoutPollingThread" daemon [_thread_blocked, id=1828]
  0x0beda0e0 JavaThread "PrmThread-24" [_thread_blocked, id=1412]
  0x0bedaca0 JavaThread "PrmThread-23" [_thread_blocked, id=2684]
  0x0bed9880 JavaThread "PrmThread-22" [_thread_blocked, id=2200]
  0x0bed8460 JavaThread "PrmThread-21" [_thread_blocked, id=3852]
  0x008af040 JavaThread "PrmThread-20" [_thread_blocked, id=172]
  0x0bed79e0 JavaThread "PrmThread-19" [_thread_blocked, id=2836]
  0x0bed65b0 JavaThread "PrmThread-18" [_thread_blocked, id=2648]
  0x0bed5090 JavaThread "PrmThread-17" [_thread_blocked, id=1836]
  0x0bed5d60 JavaThread "PrmThread-16" [_thread_blocked, id=996]
  0x0bed4930 JavaThread "PrmThread-15" [_thread_blocked, id=3420]
  0x0bed3500 JavaThread "PrmThread-14" [_thread_blocked, id=2152]
  0x0bed20e0 JavaThread "PrmThread-13" [_thread_blocked, id=2264]
  0x0bed2ca0 JavaThread "PrmThread-12" [_thread_blocked, id=3776]
  0x0bed1880 JavaThread "PrmThread-11" [_thread_blocked, id=3844]
  0x0bed0460 JavaThread "PrmThread-10" [_thread_blocked, id=828]
  0x0be972b0 JavaThread "PrmThread-9" [_thread_blocked, id=2996]
  0x0becfa70 JavaThread "PrmThread-8" [_thread_blocked, id=2512]
  0x0bece670 JavaThread "PrmThread-7" [_thread_blocked, id=332]
  0x0becd2f0 JavaThread "PrmThread-6" [_thread_blocked, id=3636]
  0x0becde70 JavaThread "PrmThread-5" [_thread_blocked, id=1472]
  0x0becca70 JavaThread "PrmThread-4" [_thread_blocked, id=2104]
  0x0becb670 JavaThread "PrmThread-3" [_thread_blocked, id=1980]
  0x0beca200 JavaThread "PrmThread-2" [_thread_blocked, id=1372]
  0x0bec9800 JavaThread "PrmThread-1" [_thread_blocked, id=2088]
  0x0bec9bc0 JavaThread "PrmThread-0" [_thread_blocked, id=2980]
  0x0bea9a20 JavaThread "TimerQueue" daemon [_thread_blocked, id=2196]
  0x0bea23b0 JavaThread "DestroyJavaVM" [_thread_blocked, id=1780]
  0x0be89470 JavaThread "AWT-EventQueue-0" [_thread_blocked, id=540]
  0x0be8c0c0 JavaThread "AWT-Shutdown" [_thread_blocked, id=2924]
  0x0be69980 JavaThread "Thread-3" [_thread_blocked, id=2564]
  0x0be58e20 JavaThread "JotmClock" daemon [_thread_blocked, id=3584]
  0x0be57ba0 JavaThread "JotmBatch" daemon [_thread_blocked, id=3576]
  0x0be55150 JavaThread "GC Daemon" daemon [_thread_blocked, id=2768]
  0x0be55e70 JavaThread "RMI Reaper" [_thread_blocked, id=1788]
  0x0be54e70 JavaThread "Timer-0" daemon [_thread_blocked, id=3860]
  0x0be53da0 JavaThread "RMI TCP Accept-0" daemon [_thread_in_native, id=304]
  0x00872830 JavaThread "Java2D Disposer" daemon [_thread_blocked, id=3272]
  0x008673a0 JavaThread "AWT-Windows" daemon [_thread_in_native, id=2464]
  0x0083cca0 JavaThread "Low Memory Detector" daemon [_thread_blocked, id=3828]
  0x0083a670 JavaThread "CompilerThread0" daemon [_thread_blocked, id=3536]
  0x008382a0 JavaThread "Signal Dispatcher" daemon [_thread_blocked, id=2368]
  0x00837a40 JavaThread "JDWP Command Reader" daemon [_thread_in_native, id=484]
  0x008368c0 JavaThread "JDWP Event Helper Thread" daemon [_thread_blocked, id=2108]
  0x00834390 JavaThread "JDWP Transport Listener: dt_socket" daemon [_thread_blocked, id=3340]
  0x0082d810 JavaThread "Finalizer" daemon [_thread_blocked, id=3452]
  0x0082c5a0 JavaThread "Reference Handler" daemon [_thread_blocked, id=3608]

Other Threads:
=>0x0082b8b0 VMThread [id=1040]
  0x0083d870 WatcherThread [id=664]

VM state:at safepoint (normal execution)

VM Mutex/Monitor currently owned by a thread:  ([mutex/lock_event])
[0x00823c30/0x00002f24] Threads_lock - owner thread: 0x0082b8b0

Heap
 def new generation   total 2688K, used 329K [0x02bd0000, 0x02eb0000, 0x030b0000)
  eden space 2432K,   8% used [0x02bd0000, 0x02c02c30, 0x02e30000)
  from space 256K,  49% used [0x02e70000, 0x02e8f898, 0x02eb0000)
  to   space 256K,   0% used [0x02e30000, 0x02e30000, 0x02e70000)
 tenured generation   total 33564K, used 27804K [0x030b0000, 0x05177000, 0x06bd0000)
   the space 33564K,  82% used [0x030b0000, 0x04bd70d8, 0x04bd7200, 0x05177000)
 compacting perm gen  total 33792K, used 33731K [0x06bd0000, 0x08cd0000, 0x0abd0000)
   the space 33792K,  99% used [0x06bd0000, 0x08cc0cd8, 0x08cc0e00, 0x08cd0000)
No shared spaces configured.

Dynamic libraries:
0x00400000 - 0x0040d000 	C:\Program Files\Java\jdk1.5.0_07\bin\javaw.exe
0x7c920000 - 0x7c9b4000 	C:\WINDOWS\system32\ntdll.dll
0x7c800000 - 0x7c91d000 	C:\WINDOWS\system32\kernel32.dll
0x77da0000 - 0x77e49000 	C:\WINDOWS\system32\ADVAPI32.dll
0x77e50000 - 0x77ee1000 	C:\WINDOWS\system32\RPCRT4.dll
0x77d10000 - 0x77d9f000 	C:\WINDOWS\system32\USER32.dll
0x77ef0000 - 0x77f37000 	C:\WINDOWS\system32\GDI32.dll
0x77be0000 - 0x77c38000 	C:\WINDOWS\system32\MSVCRT.dll
0x76300000 - 0x7631d000 	C:\WINDOWS\system32\IMM32.DLL
0x62c20000 - 0x62c29000 	C:\WINDOWS\system32\LPK.DLL
0x73fa0000 - 0x7400b000 	C:\WINDOWS\system32\USP10.dll
0x6d730000 - 0x6d8c7000 	C:\Program Files\Java\jdk1.5.0_07\jre\bin\client\jvm.dll
0x76b10000 - 0x76b3a000 	C:\WINDOWS\system32\WINMM.dll
0x6d2f0000 - 0x6d2f8000 	C:\Program Files\Java\jdk1.5.0_07\jre\bin\hpi.dll
0x76bc0000 - 0x76bcb000 	C:\WINDOWS\system32\PSAPI.DLL
0x6d3f0000 - 0x6d425000 	C:\Program Files\Java\jdk1.5.0_07\jre\bin\jdwp.dll
0x6d700000 - 0x6d70c000 	C:\Program Files\Java\jdk1.5.0_07\jre\bin\verify.dll
0x6d370000 - 0x6d38d000 	C:\Program Files\Java\jdk1.5.0_07\jre\bin\java.dll
0x6d720000 - 0x6d72f000 	C:\Program Files\Java\jdk1.5.0_07\jre\bin\zip.dll
0x6d290000 - 0x6d297000 	C:\Program Files\Java\jdk1.5.0_07\jre\bin\dt_socket.dll
0x71a20000 - 0x71a37000 	C:\WINDOWS\system32\WS2_32.dll
0x71a10000 - 0x71a18000 	C:\WINDOWS\system32\WS2HELP.dll
0x719c0000 - 0x719fe000 	C:\WINDOWS\System32\mswsock.dll
0x76ef0000 - 0x76f17000 	C:\WINDOWS\system32\DNSAPI.dll
0x76f80000 - 0x76f88000 	C:\WINDOWS\System32\winrnr.dll
0x76f30000 - 0x76f5c000 	C:\WINDOWS\system32\WLDAP32.dll
0x76f90000 - 0x76f96000 	C:\WINDOWS\system32\rasadhlp.dll
0x60fd0000 - 0x61025000 	C:\WINDOWS\system32\hnetcfg.dll
0x71a00000 - 0x71a08000 	C:\WINDOWS\System32\wshtcpip.dll
0x6d070000 - 0x6d1d7000 	C:\Program Files\Java\jdk1.5.0_07\jre\bin\awt.dll
0x72f70000 - 0x72f96000 	C:\WINDOWS\system32\WINSPOOL.DRV
0x76990000 - 0x76acd000 	C:\WINDOWS\system32\ole32.dll
0x5adc0000 - 0x5adf7000 	C:\WINDOWS\system32\uxtheme.dll
0x736d0000 - 0x73719000 	C:\WINDOWS\system32\ddraw.dll
0x73b30000 - 0x73b36000 	C:\WINDOWS\system32\DCIMAN32.dll
0x738b0000 - 0x73980000 	C:\WINDOWS\system32\D3DIM700.DLL
0x74680000 - 0x746cb000 	C:\WINDOWS\system32\MSCTF.dll
0x76d70000 - 0x76d92000 	C:\WINDOWS\system32\apphelp.dll
0x73640000 - 0x7366e000 	C:\WINDOWS\system32\msctfime.ime
0x7d590000 - 0x7dd82000 	C:\WINDOWS\system32\shell32.dll
0x77f40000 - 0x77fb6000 	C:\WINDOWS\system32\SHLWAPI.dll
0x77180000 - 0x77282000 	C:\WINDOWS\WinSxS\x86_Microsoft.Windows.Common-Controls_6595b64144ccf1df_6.0.2600.2180_x-ww_a84f1ff9\comctl32.dll
0x5d170000 - 0x5d207000 	C:\WINDOWS\system32\comctl32.dll
0x6d2b0000 - 0x6d2ef000 	C:\Program Files\Java\jdk1.5.0_07\jre\bin\fontmanager.dll
0x6d530000 - 0x6d543000 	C:\Program Files\Java\jdk1.5.0_07\jre\bin\net.dll
0x6d550000 - 0x6d559000 	C:\Program Files\Java\jdk1.5.0_07\jre\bin\nio.dll
0x0ffd0000 - 0x0fff8000 	C:\WINDOWS\system32\rsaenh.dll
0x759d0000 - 0x75a7e000 	C:\WINDOWS\system32\USERENV.dll
0x5fdd0000 - 0x5fe24000 	C:\WINDOWS\system32\netapi32.dll

VM Arguments:
jvm_args: -Xdebug -Xnoagent -Xrunjdwp:transport=dt_socket,suspend=y,address=localhost:3365
java_command: client.essp.timesheet.report.timesheetStatus.VwTsStatusTest
Launcher Type: SUN_STANDARD

Environment Variables:
JAVA_HOME=C:\Program Files\Java\jdk1.5.0_07
PATH=C:\Program Files\Java\jdk1.5.0_07\bin;F:\oracle\product\10.1.0\Db_2\bin;F:\oracle\product\10.1.0\Db_2\jre\1.4.2\bin\client;F:\oracle\product\10.1.0\Db_2\jre\1.4.2\bin;C:\WINDOWS\system32;C:\WINDOWS;C:\WINDOWS\System32\Wbem;d:\ant\bin;C:\jdk1.5.0_07\jre\bin;;D:\Program Files\JProbe 7.0\bin;F:\oracle\product\10.1.0\Db_2\bin;F:\oracle\product\10.1.0\Db_2\jre\1.4.2\bin\client;F:\oracle\product\10.1.0\Db_2\jre\1.4.2\bin;C:\WINDOWS\system32;C:\WINDOWS;C:\WINDOWS\System32\Wbem;d:\ant\bin;C:\jdk1.5.0_07\jre\bin;D:\Program Files
USERNAME=LION
OS=Windows_NT
PROCESSOR_IDENTIFIER=x86 Family 15 Model 2 Stepping 9, GenuineIntel



---------------  S Y S T E M  ---------------

OS: Windows XP Build 2600 Service Pack 2

CPU:total 1 family 15, cmov, cx8, fxsr, mmx, sse, sse2, ht

Memory: 4k page, physical 1048052k(128748k free), swap 2521732k(1480956k free)

vm_info: Java HotSpot(TM) Client VM (1.5.0_07-b03) for windows-x86, built on May  3 2006 01:04:38 by "java_re" with MS VC++ 6.0

