#
# An unexpected error has been detected by HotSpot Virtual Machine:
#
#  EXCEPTION_ACCESS_VIOLATION (0xc0000005) at pc=0x6d7fb39b, pid=3808, tid=3712
#
# Java VM: Java HotSpot(TM) Client VM (1.5.0_07-b03 mixed mode)
# Problematic frame:
# V  [jvm.dll+0xcb39b]
#

---------------  T H R E A D  ---------------

Current thread (0x0082b8b0):  VMThread [id=3712]

siginfo: ExceptionCode=0xc0000005, reading address 0x6c6f6828

Registers:
EAX=0x06bd12ca, EBX=0x00000000, ECX=0x6c6f6828, EDX=0x00000004
ESP=0x0ac0fbec, EBP=0x0ac0fc28, ESI=0x06bd02f0, EDI=0x6d8a6d78
EIP=0x6d7fb39b, EFLAGS=0x00010206

Top of Stack: (sp=0x0ac0fbec)
0x0ac0fbec:   06bd12ca 6d7fb364 6d8a6d78 6d7fb5c4
0x0ac0fbfc:   6d8ab27c 6d842f65 6d8ab27c 6d8a6d78
0x0ac0fc0c:   00826850 6d79f178 6d8a6d78 00000000
0x0ac0fc1c:   00000001 00826850 00000000 0ac0fc90
0x0ac0fc2c:   6d7a044f 00000001 00000000 00000001
0x0ac0fc3c:   00000002 6d8a6d78 6d8a6d78 00000001
0x0ac0fc4c:   00826850 00000000 00000000 00000001
0x0ac0fc5c:   00000001 0ac0fce8 00000000 00000000 

Instructions: (pc=0x6d7fb39b)
0x6d7fb38b:   08 8b 08 8b 40 08 8b 04 88 50 8b 48 04 83 c1 08
0x6d7fb39b:   8b 11 ff 52 5c eb de c3 e9 00 00 00 00 c7 05 74 


Stack: [0x0abd0000,0x0ac10000),  sp=0x0ac0fbec,  free space=254k
Native frames: (J=compiled Java code, j=interpreted, Vv=VM code, C=native code)
V  [jvm.dll+0xcb39b]
V  [jvm.dll+0x7044f]
V  [jvm.dll+0x701cb]
V  [jvm.dll+0x73837]
V  [jvm.dll+0x10a55d]
V  [jvm.dll+0x6ef6c]
V  [jvm.dll+0x6f693]
V  [jvm.dll+0x12539b]
V  [jvm.dll+0x1251d2]
V  [jvm.dll+0x124ca0]
V  [jvm.dll+0x124e49]
V  [jvm.dll+0x124b7e]
C  [MSVCRT.dll+0x2a3b0]
C  [kernel32.dll+0xb683]

VM_Operation (0x0c01f990): full generation collection, mode: safepoint, requested by thread 0x0be34010


---------------  P R O C E S S  ---------------

Java Threads: ( => current thread )
  0x0cadad30 JavaThread "AWT-EventQueue-0" [_thread_blocked, id=1296]
  0x0beec1a0 JavaThread "Thread-32" [_thread_blocked, id=2468]
  0x0bee1a50 JavaThread "prmtrace" daemon [_thread_blocked, id=3496]
  0x0bed3aa0 JavaThread "OracleTimeoutPollingThread" daemon [_thread_blocked, id=2476]
  0x0bec8880 JavaThread "PrmThread-24" [_thread_blocked, id=3804]
  0x0bec7840 JavaThread "PrmThread-23" [_thread_blocked, id=3900]
  0x0bec4420 JavaThread "PrmThread-22" [_thread_blocked, id=3952]
  0x0bec4e70 JavaThread "PrmThread-21" [_thread_blocked, id=1080]
  0x0bec3a70 JavaThread "PrmThread-20" [_thread_blocked, id=2184]
  0x0bec2670 JavaThread "PrmThread-19" [_thread_blocked, id=3604]
  0x0bec1370 JavaThread "PrmThread-18" [_thread_blocked, id=2076]
  0x0bec1e70 JavaThread "PrmThread-17" [_thread_blocked, id=3112]
  0x0bebe050 JavaThread "PrmThread-16" [_thread_blocked, id=3572]
  0x0bebe270 JavaThread "PrmThread-15" [_thread_blocked, id=2316]
  0x0bebd420 JavaThread "PrmThread-14" [_thread_blocked, id=2532]
  0x0bebde70 JavaThread "PrmThread-13" [_thread_blocked, id=2792]
  0x0bebcc20 JavaThread "PrmThread-12" [_thread_blocked, id=2648]
  0x0bebaca0 JavaThread "PrmThread-11" [_thread_blocked, id=3012]
  0x0beb9880 JavaThread "PrmThread-10" [_thread_blocked, id=1024]
  0x0beb8460 JavaThread "PrmThread-9" [_thread_blocked, id=2524]
  0x009139e0 JavaThread "PrmThread-8" [_thread_blocked, id=1700]
  0x0beb7960 JavaThread "PrmThread-7" [_thread_blocked, id=1568]
  0x0beb6530 JavaThread "PrmThread-6" [_thread_blocked, id=2348]
  0x0beb5100 JavaThread "PrmThread-5" [_thread_blocked, id=4016]
  0x0beb40d0 JavaThread "PrmThread-4" [_thread_blocked, id=604]
  0x0beb3360 JavaThread "PrmThread-3" [_thread_blocked, id=3884]
  0x0beb30e0 JavaThread "PrmThread-2" [_thread_blocked, id=3196]
  0x0beb2570 JavaThread "PrmThread-1" [_thread_blocked, id=2464]
  0x0beb2840 JavaThread "PrmThread-0" [_thread_blocked, id=880]
  0x0be8ba50 JavaThread "TimerQueue" daemon [_thread_blocked, id=4012]
  0x0be49680 JavaThread "DestroyJavaVM" [_thread_blocked, id=180]
  0x0be7ba30 JavaThread "AWT-Shutdown" [_thread_blocked, id=1812]
  0x0be3f250 JavaThread "Thread-3" [_thread_blocked, id=2716]
  0x0be378e0 JavaThread "JotmClock" daemon [_thread_blocked, id=2116]
  0x0be37a70 JavaThread "JotmBatch" daemon [_thread_blocked, id=2976]
  0x0be34010 JavaThread "GC Daemon" daemon [_thread_blocked, id=2324]
  0x0be34e30 JavaThread "RMI Reaper" [_thread_blocked, id=2244]
  0x0be333b0 JavaThread "Timer-0" daemon [_thread_blocked, id=3204]
  0x0be320e0 JavaThread "RMI TCP Accept-0" daemon [_thread_in_native, id=256]
  0x00870e70 JavaThread "Java2D Disposer" daemon [_thread_blocked, id=3596]
  0x00866070 JavaThread "AWT-Windows" daemon [_thread_blocked, id=2756]
  0x0083cb50 JavaThread "Low Memory Detector" daemon [_thread_blocked, id=364]
  0x0083a520 JavaThread "CompilerThread0" daemon [_thread_blocked, id=228]
  0x00839d60 JavaThread "Signal Dispatcher" daemon [_thread_blocked, id=2104]
  0x00837a40 JavaThread "JDWP Command Reader" daemon [_thread_in_native, id=4060]
  0x008368c0 JavaThread "JDWP Event Helper Thread" daemon [_thread_blocked, id=4008]
  0x00834390 JavaThread "JDWP Transport Listener: dt_socket" daemon [_thread_blocked, id=2036]
  0x0082d810 JavaThread "Finalizer" daemon [_thread_blocked, id=2216]
  0x0082c5a0 JavaThread "Reference Handler" daemon [_thread_blocked, id=3424]

Other Threads:
=>0x0082b8b0 VMThread [id=3712]
  0x0083d720 WatcherThread [id=200]

VM state:at safepoint (normal execution)

VM Mutex/Monitor currently owned by a thread:  ([mutex/lock_event])
[0x00823c30/0x00002f24] Threads_lock - owner thread: 0x0082b8b0
[0x00823ac0/0x00002ee8] Heap_lock - owner thread: 0x0be34010

Heap
 def new generation   total 4032K, used 596K [0x02bd0000, 0x03030000, 0x030b0000)
  eden space 3584K,  10% used [0x02bd0000, 0x02c2ba80, 0x02f50000)
  from space 448K,  51% used [0x02f50000, 0x02f89838, 0x02fc0000)
  to   space 448K,   0% used [0x02fc0000, 0x02fc0000, 0x03030000)
 tenured generation   total 51732K, used 28567K [0x030b0000, 0x06335000, 0x06bd0000)
   the space 51732K,  55% used [0x030b0000, 0x04c95ec8, 0x04c96000, 0x06335000)
 compacting perm gen  total 34048K, used 33953K [0x06bd0000, 0x08d10000, 0x0abd0000)
   the space 34048K,  99% used [0x06bd0000, 0x08cf85a0, 0x08cf8600, 0x08d10000)
No shared spaces configured.

Dynamic libraries:
0x00400000 - 0x0040d000 	C:\Program Files\Java\jdk1.5.0_07\bin\javaw.exe
0x7c920000 - 0x7c9b4000 	C:\WINDOWS\system32\ntdll.dll
0x7c800000 - 0x7c91d000 	C:\WINDOWS\system32\kernel32.dll
0x77da0000 - 0x77e49000 	C:\WINDOWS\system32\ADVAPI32.dll
0x77e50000 - 0x77ee1000 	C:\WINDOWS\system32\RPCRT4.dll
0x77d10000 - 0x77d9f000 	C:\WINDOWS\system32\USER32.dll
0x77ef0000 - 0x77f37000 	C:\WINDOWS\system32\GDI32.dll
0x77be0000 - 0x77c38000 	C:\WINDOWS\system32\MSVCRT.dll
0x76300000 - 0x7631d000 	C:\WINDOWS\system32\IMM32.DLL
0x62c20000 - 0x62c29000 	C:\WINDOWS\system32\LPK.DLL
0x73fa0000 - 0x7400b000 	C:\WINDOWS\system32\USP10.dll
0x6d730000 - 0x6d8c7000 	C:\Program Files\Java\jdk1.5.0_07\jre\bin\client\jvm.dll
0x76b10000 - 0x76b3a000 	C:\WINDOWS\system32\WINMM.dll
0x6d2f0000 - 0x6d2f8000 	C:\Program Files\Java\jdk1.5.0_07\jre\bin\hpi.dll
0x76bc0000 - 0x76bcb000 	C:\WINDOWS\system32\PSAPI.DLL
0x6d3f0000 - 0x6d425000 	C:\Program Files\Java\jdk1.5.0_07\jre\bin\jdwp.dll
0x6d700000 - 0x6d70c000 	C:\Program Files\Java\jdk1.5.0_07\jre\bin\verify.dll
0x6d370000 - 0x6d38d000 	C:\Program Files\Java\jdk1.5.0_07\jre\bin\java.dll
0x6d720000 - 0x6d72f000 	C:\Program Files\Java\jdk1.5.0_07\jre\bin\zip.dll
0x6d290000 - 0x6d297000 	C:\Program Files\Java\jdk1.5.0_07\jre\bin\dt_socket.dll
0x71a20000 - 0x71a37000 	C:\WINDOWS\system32\WS2_32.dll
0x71a10000 - 0x71a18000 	C:\WINDOWS\system32\WS2HELP.dll
0x719c0000 - 0x719fe000 	C:\WINDOWS\System32\mswsock.dll
0x76ef0000 - 0x76f17000 	C:\WINDOWS\system32\DNSAPI.dll
0x76f80000 - 0x76f88000 	C:\WINDOWS\System32\winrnr.dll
0x76f30000 - 0x76f5c000 	C:\WINDOWS\system32\WLDAP32.dll
0x76f90000 - 0x76f96000 	C:\WINDOWS\system32\rasadhlp.dll
0x60fd0000 - 0x61025000 	C:\WINDOWS\system32\hnetcfg.dll
0x71a00000 - 0x71a08000 	C:\WINDOWS\System32\wshtcpip.dll
0x6d070000 - 0x6d1d7000 	C:\Program Files\Java\jdk1.5.0_07\jre\bin\awt.dll
0x72f70000 - 0x72f96000 	C:\WINDOWS\system32\WINSPOOL.DRV
0x76990000 - 0x76acd000 	C:\WINDOWS\system32\ole32.dll
0x5adc0000 - 0x5adf7000 	C:\WINDOWS\system32\uxtheme.dll
0x736d0000 - 0x73719000 	C:\WINDOWS\system32\ddraw.dll
0x73b30000 - 0x73b36000 	C:\WINDOWS\system32\DCIMAN32.dll
0x738b0000 - 0x73980000 	C:\WINDOWS\system32\D3DIM700.DLL
0x74680000 - 0x746cb000 	C:\WINDOWS\system32\MSCTF.dll
0x76d70000 - 0x76d92000 	C:\WINDOWS\system32\apphelp.dll
0x73640000 - 0x7366e000 	C:\WINDOWS\system32\msctfime.ime
0x7d590000 - 0x7dd82000 	C:\WINDOWS\system32\shell32.dll
0x77f40000 - 0x77fb6000 	C:\WINDOWS\system32\SHLWAPI.dll
0x77180000 - 0x77282000 	C:\WINDOWS\WinSxS\x86_Microsoft.Windows.Common-Controls_6595b64144ccf1df_6.0.2600.2180_x-ww_a84f1ff9\comctl32.dll
0x5d170000 - 0x5d207000 	C:\WINDOWS\system32\comctl32.dll
0x6d2b0000 - 0x6d2ef000 	C:\Program Files\Java\jdk1.5.0_07\jre\bin\fontmanager.dll
0x6d530000 - 0x6d543000 	C:\Program Files\Java\jdk1.5.0_07\jre\bin\net.dll
0x6d550000 - 0x6d559000 	C:\Program Files\Java\jdk1.5.0_07\jre\bin\nio.dll
0x0ffd0000 - 0x0fff8000 	C:\WINDOWS\system32\rsaenh.dll
0x759d0000 - 0x75a7e000 	C:\WINDOWS\system32\USERENV.dll
0x5fdd0000 - 0x5fe24000 	C:\WINDOWS\system32\netapi32.dll

VM Arguments:
jvm_args: -Xdebug -Xnoagent -Xrunjdwp:transport=dt_socket,suspend=y,address=localhost:1094
java_command: client.essp.timesheet.report.timesheetStatus.VwTsStatusForDeptTest
Launcher Type: SUN_STANDARD

Environment Variables:
JAVA_HOME=C:\Program Files\Java\jdk1.5.0_07
PATH=C:\Program Files\Java\jdk1.5.0_07\bin;F:\oracle\product\10.1.0\Db_2\bin;F:\oracle\product\10.1.0\Db_2\jre\1.4.2\bin\client;F:\oracle\product\10.1.0\Db_2\jre\1.4.2\bin;C:\WINDOWS\system32;C:\WINDOWS;C:\WINDOWS\System32\Wbem;d:\ant\bin;C:\jdk1.5.0_07\jre\bin;;D:\Program Files\JProbe 7.0\bin;F:\oracle\product\10.1.0\Db_2\bin;F:\oracle\product\10.1.0\Db_2\jre\1.4.2\bin\client;F:\oracle\product\10.1.0\Db_2\jre\1.4.2\bin;C:\WINDOWS\system32;C:\WINDOWS;C:\WINDOWS\System32\Wbem;d:\ant\bin;C:\jdk1.5.0_07\jre\bin;D:\Program Files
USERNAME=LION
OS=Windows_NT
PROCESSOR_IDENTIFIER=x86 Family 15 Model 2 Stepping 9, GenuineIntel



---------------  S Y S T E M  ---------------

OS: Windows XP Build 2600 Service Pack 2

CPU:total 1 family 15, cmov, cx8, fxsr, mmx, sse, sse2, ht

Memory: 4k page, physical 1048052k(146876k free), swap 2521732k(1285468k free)

vm_info: Java HotSpot(TM) Client VM (1.5.0_07-b03) for windows-x86, built on May  3 2006 01:04:38 by "java_re" with MS VC++ 6.0

