#
# An unexpected error has been detected by HotSpot Virtual Machine:
#
#  EXCEPTION_ACCESS_VIOLATION (0xc0000005) at pc=0x6d7fb39d, pid=3048, tid=3720
#
# Java VM: Java HotSpot(TM) Client VM (1.5.0_07-b03 mixed mode)
# Problematic frame:
# V  [jvm.dll+0xcb39d]
#

---------------  T H R E A D  ---------------

Current thread (0x0082b8b0):  VMThread [id=3720]

siginfo: ExceptionCode=0xc0000005, reading address 0x422f3a9f

Registers:
EAX=0x00cf0048, EBX=0x00000000, ECX=0x6d885d74, EDX=0x422f3a43
ESP=0x0ac0fbec, EBP=0x0ac0fc28, ESI=0x06bd02f0, EDI=0x6d8a6d78
EIP=0x6d7fb39d, EFLAGS=0x00010216

Top of Stack: (sp=0x0ac0fbec)
0x0ac0fbec:   00cf0048 6d7fb364 6d8a6d78 6d7fb5c4
0x0ac0fbfc:   6d8ab27c 6d842f65 6d8ab27c 6d8a6d78
0x0ac0fc0c:   00826850 6d79f178 6d8a6d78 00000000
0x0ac0fc1c:   00000001 00826850 00000000 0ac0fc90
0x0ac0fc2c:   6d7a044f 00000001 00000000 00000001
0x0ac0fc3c:   00000002 6d8a6d78 6d8a6d78 00000001
0x0ac0fc4c:   00826850 00000000 00000000 00000001
0x0ac0fc5c:   00000001 0ac0fce8 00000000 00000000 

Instructions: (pc=0x6d7fb39d)
0x6d7fb38d:   08 8b 40 08 8b 04 88 50 8b 48 04 83 c1 08 8b 11
0x6d7fb39d:   ff 52 5c eb de c3 e9 00 00 00 00 c7 05 74 6d 8a 


Stack: [0x0abd0000,0x0ac10000),  sp=0x0ac0fbec,  free space=254k
Native frames: (J=compiled Java code, j=interpreted, Vv=VM code, C=native code)
V  [jvm.dll+0xcb39d]
V  [jvm.dll+0x7044f]
V  [jvm.dll+0x701cb]
V  [jvm.dll+0x73837]
V  [jvm.dll+0x10a55d]
V  [jvm.dll+0x6ef6c]
V  [jvm.dll+0x6f693]
V  [jvm.dll+0x12539b]
V  [jvm.dll+0x1251d2]
V  [jvm.dll+0x124ca0]
V  [jvm.dll+0x124e49]
V  [jvm.dll+0x124b7e]
C  [MSVCRT.dll+0x2a3b0]
C  [kernel32.dll+0xb683]

VM_Operation (0x0c02f910): full generation collection, mode: safepoint, requested by thread 0x0bf07e70


---------------  P R O C E S S  ---------------

Java Threads: ( => current thread )
  0x0bfbf060 JavaThread "Thread-32" [_thread_blocked, id=3016]
  0x0bfc9300 JavaThread "prmtrace" daemon [_thread_blocked, id=2296]
  0x0bf87e70 JavaThread "OracleTimeoutPollingThread" daemon [_thread_blocked, id=3784]
  0x0bfb3500 JavaThread "PrmThread-24" [_thread_blocked, id=3592]
  0x0bfb20e0 JavaThread "PrmThread-23" [_thread_blocked, id=2364]
  0x0bfb2ca0 JavaThread "PrmThread-22" [_thread_blocked, id=1120]
  0x0bfb1880 JavaThread "PrmThread-21" [_thread_blocked, id=3556]
  0x0bfb0460 JavaThread "PrmThread-20" [_thread_blocked, id=2368]
  0x0bfaf240 JavaThread "PrmThread-19" [_thread_blocked, id=2744]
  0x0bfafde0 JavaThread "PrmThread-18" [_thread_blocked, id=2284]
  0x0bfae9e0 JavaThread "PrmThread-17" [_thread_blocked, id=2352]
  0x0bfad5b0 JavaThread "PrmThread-16" [_thread_blocked, id=3236]
  0x0bfac090 JavaThread "PrmThread-15" [_thread_blocked, id=3288]
  0x0bfacd60 JavaThread "PrmThread-14" [_thread_blocked, id=3248]
  0x0bfab930 JavaThread "PrmThread-13" [_thread_blocked, id=3696]
  0x0bfaa500 JavaThread "PrmThread-12" [_thread_blocked, id=2584]
  0x0bfa90e0 JavaThread "PrmThread-11" [_thread_blocked, id=1116]
  0x0bfa9ca0 JavaThread "PrmThread-10" [_thread_blocked, id=2600]
  0x0bfa8880 JavaThread "PrmThread-9" [_thread_blocked, id=3932]
  0x0bf14b40 JavaThread "PrmThread-8" [_thread_blocked, id=4004]
  0x0bfa4340 JavaThread "PrmThread-7" [_thread_blocked, id=3636]
  0x0bfa4e70 JavaThread "PrmThread-6" [_thread_blocked, id=3180]
  0x0bfa3a70 JavaThread "PrmThread-5" [_thread_blocked, id=2272]
  0x0bfa2670 JavaThread "PrmThread-4" [_thread_blocked, id=3544]
  0x0bfa1280 JavaThread "PrmThread-3" [_thread_blocked, id=2400]
  0x0bfa1de0 JavaThread "PrmThread-2" [_thread_blocked, id=1984]
  0x0bfa09e0 JavaThread "PrmThread-1" [_thread_blocked, id=3676]
  0x0bfa0df0 JavaThread "PrmThread-0" [_thread_blocked, id=3860]
  0x0bf5e1c0 JavaThread "TimerQueue" daemon [_thread_blocked, id=2724]
  0x0bf56ce0 JavaThread "DestroyJavaVM" [_thread_blocked, id=436]
  0x0bf50220 JavaThread "AWT-EventQueue-0" [_thread_blocked, id=3516]
  0x0bf50aa0 JavaThread "AWT-Shutdown" [_thread_blocked, id=2588]
  0x0bf20e00 JavaThread "Thread-3" [_thread_blocked, id=2560]
  0x0bf084d0 JavaThread "JotmClock" daemon [_thread_blocked, id=3612]
  0x0bef39b0 JavaThread "JotmBatch" daemon [_thread_blocked, id=1800]
  0x0bf07e70 JavaThread "GC Daemon" daemon [_thread_blocked, id=1080]
  0x0bf06890 JavaThread "RMI Reaper" [_thread_blocked, id=3420]
  0x0bf06e70 JavaThread "Timer-0" daemon [_thread_blocked, id=3244]
  0x0bf05100 JavaThread "RMI TCP Accept-0" daemon [_thread_in_native, id=2940]
  0x00872830 JavaThread "Java2D Disposer" daemon [_thread_blocked, id=3492]
  0x008673a0 JavaThread "AWT-Windows" daemon [_thread_blocked, id=256]
  0x0083ccc0 JavaThread "Low Memory Detector" daemon [_thread_blocked, id=3632]
  0x0083a670 JavaThread "CompilerThread0" daemon [_thread_blocked, id=3588]
  0x008382a0 JavaThread "Signal Dispatcher" daemon [_thread_blocked, id=2372]
  0x00837a40 JavaThread "JDWP Command Reader" daemon [_thread_in_native, id=3112]
  0x008368c0 JavaThread "JDWP Event Helper Thread" daemon [_thread_blocked, id=3136]
  0x00834390 JavaThread "JDWP Transport Listener: dt_socket" daemon [_thread_blocked, id=3844]
  0x0082d810 JavaThread "Finalizer" daemon [_thread_blocked, id=3652]
  0x0082c5a0 JavaThread "Reference Handler" daemon [_thread_blocked, id=3876]

Other Threads:
=>0x0082b8b0 VMThread [id=3720]
  0x0083d890 WatcherThread [id=700]

VM state:at safepoint (normal execution)

VM Mutex/Monitor currently owned by a thread:  ([mutex/lock_event])
[0x00823c30/0x00003724] Threads_lock - owner thread: 0x0082b8b0
[0x00823ac0/0x000036e8] Heap_lock - owner thread: 0x0bf07e70

Heap
 def new generation   total 2240K, used 1833K [0x02bd0000, 0x02e30000, 0x030b0000)
  eden space 2048K,  84% used [0x02bd0000, 0x02d7e6b8, 0x02dd0000)
  from space 192K,  58% used [0x02dd0000, 0x02debe70, 0x02e00000)
  to   space 192K,   0% used [0x02e00000, 0x02e00000, 0x02e30000)
 tenured generation   total 27020K, used 24625K [0x030b0000, 0x04b13000, 0x06bd0000)
   the space 27020K,  91% used [0x030b0000, 0x048bc5e8, 0x048bc600, 0x04b13000)
 compacting perm gen  total 33792K, used 33619K [0x06bd0000, 0x08cd0000, 0x0abd0000)
   the space 33792K,  99% used [0x06bd0000, 0x08ca4c90, 0x08ca4e00, 0x08cd0000)
No shared spaces configured.

Dynamic libraries:
0x00400000 - 0x0040d000 	C:\Program Files\Java\jdk1.5.0_07\bin\javaw.exe
0x7c920000 - 0x7c9b4000 	C:\WINDOWS\system32\ntdll.dll
0x7c800000 - 0x7c91d000 	C:\WINDOWS\system32\kernel32.dll
0x77da0000 - 0x77e49000 	C:\WINDOWS\system32\ADVAPI32.dll
0x77e50000 - 0x77ee1000 	C:\WINDOWS\system32\RPCRT4.dll
0x77d10000 - 0x77d9f000 	C:\WINDOWS\system32\USER32.dll
0x77ef0000 - 0x77f37000 	C:\WINDOWS\system32\GDI32.dll
0x77be0000 - 0x77c38000 	C:\WINDOWS\system32\MSVCRT.dll
0x76300000 - 0x7631d000 	C:\WINDOWS\system32\IMM32.DLL
0x62c20000 - 0x62c29000 	C:\WINDOWS\system32\LPK.DLL
0x73fa0000 - 0x7400b000 	C:\WINDOWS\system32\USP10.dll
0x6d730000 - 0x6d8c7000 	C:\Program Files\Java\jdk1.5.0_07\jre\bin\client\jvm.dll
0x76b10000 - 0x76b3a000 	C:\WINDOWS\system32\WINMM.dll
0x6d2f0000 - 0x6d2f8000 	C:\Program Files\Java\jdk1.5.0_07\jre\bin\hpi.dll
0x76bc0000 - 0x76bcb000 	C:\WINDOWS\system32\PSAPI.DLL
0x6d3f0000 - 0x6d425000 	C:\Program Files\Java\jdk1.5.0_07\jre\bin\jdwp.dll
0x6d700000 - 0x6d70c000 	C:\Program Files\Java\jdk1.5.0_07\jre\bin\verify.dll
0x6d370000 - 0x6d38d000 	C:\Program Files\Java\jdk1.5.0_07\jre\bin\java.dll
0x6d720000 - 0x6d72f000 	C:\Program Files\Java\jdk1.5.0_07\jre\bin\zip.dll
0x6d290000 - 0x6d297000 	C:\Program Files\Java\jdk1.5.0_07\jre\bin\dt_socket.dll
0x71a20000 - 0x71a37000 	C:\WINDOWS\system32\WS2_32.dll
0x71a10000 - 0x71a18000 	C:\WINDOWS\system32\WS2HELP.dll
0x719c0000 - 0x719fe000 	C:\WINDOWS\System32\mswsock.dll
0x76ef0000 - 0x76f17000 	C:\WINDOWS\system32\DNSAPI.dll
0x76f80000 - 0x76f88000 	C:\WINDOWS\System32\winrnr.dll
0x76f30000 - 0x76f5c000 	C:\WINDOWS\system32\WLDAP32.dll
0x76f90000 - 0x76f96000 	C:\WINDOWS\system32\rasadhlp.dll
0x60fd0000 - 0x61025000 	C:\WINDOWS\system32\hnetcfg.dll
0x71a00000 - 0x71a08000 	C:\WINDOWS\System32\wshtcpip.dll
0x6d070000 - 0x6d1d7000 	C:\Program Files\Java\jdk1.5.0_07\jre\bin\awt.dll
0x72f70000 - 0x72f96000 	C:\WINDOWS\system32\WINSPOOL.DRV
0x76990000 - 0x76acd000 	C:\WINDOWS\system32\ole32.dll
0x5adc0000 - 0x5adf7000 	C:\WINDOWS\system32\uxtheme.dll
0x736d0000 - 0x73719000 	C:\WINDOWS\system32\ddraw.dll
0x73b30000 - 0x73b36000 	C:\WINDOWS\system32\DCIMAN32.dll
0x738b0000 - 0x73980000 	C:\WINDOWS\system32\D3DIM700.DLL
0x74680000 - 0x746cb000 	C:\WINDOWS\system32\MSCTF.dll
0x76d70000 - 0x76d92000 	C:\WINDOWS\system32\apphelp.dll
0x73640000 - 0x7366e000 	C:\WINDOWS\system32\msctfime.ime
0x7d590000 - 0x7dd82000 	C:\WINDOWS\system32\shell32.dll
0x77f40000 - 0x77fb6000 	C:\WINDOWS\system32\SHLWAPI.dll
0x77180000 - 0x77282000 	C:\WINDOWS\WinSxS\x86_Microsoft.Windows.Common-Controls_6595b64144ccf1df_6.0.2600.2180_x-ww_a84f1ff9\comctl32.dll
0x5d170000 - 0x5d207000 	C:\WINDOWS\system32\comctl32.dll
0x6d2b0000 - 0x6d2ef000 	C:\Program Files\Java\jdk1.5.0_07\jre\bin\fontmanager.dll
0x6d530000 - 0x6d543000 	C:\Program Files\Java\jdk1.5.0_07\jre\bin\net.dll
0x6d550000 - 0x6d559000 	C:\Program Files\Java\jdk1.5.0_07\jre\bin\nio.dll
0x0ffd0000 - 0x0fff8000 	C:\WINDOWS\system32\rsaenh.dll
0x759d0000 - 0x75a7e000 	C:\WINDOWS\system32\USERENV.dll
0x5fdd0000 - 0x5fe24000 	C:\WINDOWS\system32\netapi32.dll

VM Arguments:
jvm_args: -Xdebug -Xnoagent -Xrunjdwp:transport=dt_socket,suspend=y,address=localhost:3282
java_command: client.essp.timesheet.report.timesheetStatus.VwTsStatusTest
Launcher Type: SUN_STANDARD

Environment Variables:
JAVA_HOME=C:\Program Files\Java\jdk1.5.0_07
PATH=C:\Program Files\Java\jdk1.5.0_07\bin;F:\oracle\product\10.1.0\Db_2\bin;F:\oracle\product\10.1.0\Db_2\jre\1.4.2\bin\client;F:\oracle\product\10.1.0\Db_2\jre\1.4.2\bin;C:\WINDOWS\system32;C:\WINDOWS;C:\WINDOWS\System32\Wbem;d:\ant\bin;C:\jdk1.5.0_07\jre\bin;;D:\Program Files\JProbe 7.0\bin;F:\oracle\product\10.1.0\Db_2\bin;F:\oracle\product\10.1.0\Db_2\jre\1.4.2\bin\client;F:\oracle\product\10.1.0\Db_2\jre\1.4.2\bin;C:\WINDOWS\system32;C:\WINDOWS;C:\WINDOWS\System32\Wbem;d:\ant\bin;C:\jdk1.5.0_07\jre\bin;D:\Program Files
USERNAME=LION
OS=Windows_NT
PROCESSOR_IDENTIFIER=x86 Family 15 Model 2 Stepping 9, GenuineIntel



---------------  S Y S T E M  ---------------

OS: Windows XP Build 2600 Service Pack 2

CPU:total 1 family 15, cmov, cx8, fxsr, mmx, sse, sse2, ht

Memory: 4k page, physical 1048052k(98952k free), swap 2521732k(1390860k free)

vm_info: Java HotSpot(TM) Client VM (1.5.0_07-b03) for windows-x86, built on May  3 2006 01:04:38 by "java_re" with MS VC++ 6.0

